<?xml version="1.0" encoding="UTF-8"?>
<!-- Generated by org.testng.reporters.JUnitReportReporter -->
<testsuite hostname="SARJERAO-PC" name="testNGFramework.YahooSearchTest" tests="2" failures="0" timestamp="27 May 2018 05:35:07 GMT" time="3.239" errors="0">
  <testcase name="searchTest_howStuffWorks" time="1.834" classname="testNGFramework.YahooSearchTest"/>
  <testcase name="searchTest_whatToSearch" time="1.405" classname="testNGFramework.YahooSearchTest"/>
</testsuite> <!-- testNGFramework.YahooSearchTest -->
