<?xml version="1.0" encoding="UTF-8"?>
<!-- Generated by org.testng.reporters.JUnitReportReporter -->
<testsuite hostname="SARJERAO-PC" name="testNGFramework.SampleTest" tests="2" failures="0" timestamp="26 May 2018 14:33:44 GMT" time="0.032" errors="0">
  <testcase name="searchTest_whatToSearch" time="0.016" classname="testNGFramework.SampleTest"/>
  <testcase name="searchTest_howStuffWorks" time="0.016" classname="testNGFramework.SampleTest"/>
</testsuite> <!-- testNGFramework.SampleTest -->
